2018-05-08 17:18:52 [INFO ] [TestBase] - [getBrowserObject] Chrome
2018-05-08 17:18:57 [INFO ] [TestBase] - [before] Chrome
2018-05-08 17:18:57 [INFO ] [TestBase] - [after] 
2018-05-08 17:19:31 [INFO ] [TestBase] - [getBrowserObject] Chrome
2018-05-08 17:19:35 [INFO ] [TestBase] - [before] Chrome
2018-05-08 17:19:35 [INFO ] [TestBase] - [after] 
2018-05-08 17:21:14 [INFO ] [TestBase] - [getBrowserObject] Chrome
2018-05-08 17:21:18 [INFO ] [TestBase] - [before] Chrome
2018-05-08 17:21:18 [INFO ] [TestBase] - [after] 
2018-05-08 19:00:36 [INFO ] [TestBase] - [getBrowserObject] Chrome
2018-05-08 19:00:40 [INFO ] [TestBase] - [before] Chrome
2018-05-08 19:00:40 [INFO ] [TestBase] - [after] 
2018-05-08 19:02:00 [INFO ] [TestBase] - [getBrowserObject] Chrome
2018-05-08 19:02:03 [INFO ] [TestBase] - [before] Chrome
2018-05-08 19:02:03 [INFO ] [TestBase] - [after] 
2018-05-08 19:03:42 [INFO ] [TestBase] - [getBrowserObject] Chrome
2018-05-08 19:03:46 [INFO ] [TestBase] - [before] Chrome
2018-05-08 19:03:46 [INFO ] [TestBase] - [after] 
2018-05-09 10:21:53 [INFO ] [TestBase] - [getBrowserObject] Chrome
2018-05-09 10:21:59 [INFO ] [TestBase] - [before] Chrome
2018-05-09 10:21:59 [INFO ] [TestBase] - [after] 
2018-05-09 10:23:39 [INFO ] [TestBase] - [getBrowserObject] Chrome
2018-05-09 10:23:43 [INFO ] [TestBase] - [before] Chrome
2018-05-09 10:23:43 [INFO ] [TestBase] - [after] 
2018-05-09 10:24:31 [INFO ] [TestBase] - [getBrowserObject] Chrome
2018-05-09 10:24:35 [INFO ] [TestBase] - [before] Chrome
2018-05-09 10:24:35 [INFO ] [TestBase] - [after] 
2018-05-09 10:32:15 [INFO ] [TestBase] - [getBrowserObject] Chrome
2018-05-09 10:32:19 [INFO ] [TestBase] - [before] Chrome
2018-05-09 10:32:19 [INFO ] [TestBase] - [after] 
2018-05-09 10:37:40 [INFO ] [TestBase] - [getBrowserObject] Chrome
2018-05-09 10:37:44 [INFO ] [TestBase] - [before] Chrome
2018-05-09 10:37:44 [INFO ] [TestBase] - [after] 
2018-05-09 10:39:48 [INFO ] [TestBase] - [getBrowserObject] Chrome
2018-05-09 10:39:52 [INFO ] [TestBase] - [before] Chrome
2018-05-09 10:39:53 [INFO ] [TestBase] - [after] 
2018-05-09 10:40:08 [INFO ] [TestBase] - [getBrowserObject] Chrome
2018-05-09 10:40:12 [INFO ] [TestBase] - [before] Chrome
2018-05-09 10:40:13 [INFO ] [TestBase] - [after] 
2018-05-09 10:43:23 [INFO ] [TestBase] - [getBrowserObject] Chrome
2018-05-09 10:43:27 [INFO ] [TestBase] - [before] Chrome
2018-05-09 10:43:28 [INFO ] [TestBase] - [after] 
2018-05-09 10:45:26 [INFO ] [TestBase] - [getBrowserObject] Chrome
2018-05-09 10:45:30 [INFO ] [TestBase] - [before] Chrome
2018-05-09 10:45:31 [INFO ] [TestBase] - [after] 
2018-05-09 10:47:57 [INFO ] [TestBase] - [getBrowserObject] Chrome
2018-05-09 10:48:01 [INFO ] [TestBase] - [before] Chrome
2018-05-09 10:48:10 [INFO ] [WaitHelper] - [waitForElement] element found...Sign in
2018-05-09 10:48:10 [INFO ] [LoginPage] - [clickOnSignInLink] clicked on sign in link...
2018-05-09 10:48:13 [INFO ] [LoginPage] - [enterEmailAddress] entering email address....test902@gmail.com
2018-05-09 10:48:13 [INFO ] [LoginPage] - [enterPassword] entering password....password
2018-05-09 10:48:13 [INFO ] [LoginPage] - [clickOnSubmitButton] clicking on submit button...
2018-05-09 10:48:15 [INFO ] [WaitHelper] - [waitForElement] element found...WOMEN
2018-05-09 10:48:15 [INFO ] [GenericHelper] - [isDisplayed] element is displayed..[[ChromeDriver: chrome on XP (3223255e9c9f4476bafbd6aba87cb41d)] -> xpath: //*[@id='center_column']/p]
2018-05-09 10:48:15 [INFO ] [LoginToAutomationPractices] - [login_is_successful] login test is pass
2018-05-09 10:48:16 [INFO ] [TestBase] - [after] 
2018-05-09 10:50:19 [INFO ] [TestBase] - [getBrowserObject] Chrome
2018-05-09 10:50:23 [INFO ] [TestBase] - [before] Chrome
2018-05-09 10:50:23 [INFO ] [TestBase] - [after] 
2018-05-09 10:50:52 [INFO ] [TestBase] - [getBrowserObject] Chrome
2018-05-09 10:50:56 [INFO ] [TestBase] - [before] Chrome
2018-05-09 10:51:03 [INFO ] [WaitHelper] - [waitForElement] element found...Sign in
2018-05-09 10:51:03 [INFO ] [LoginPage] - [clickOnSignInLink] clicked on sign in link...
2018-05-09 10:51:05 [INFO ] [LoginPage] - [enterEmailAddress] entering email address....test902@gmail.com
2018-05-09 10:51:05 [INFO ] [LoginPage] - [enterPassword] entering password....password
2018-05-09 10:51:06 [INFO ] [LoginPage] - [clickOnSubmitButton] clicking on submit button...
2018-05-09 10:51:08 [INFO ] [WaitHelper] - [waitForElement] element found...WOMEN
2018-05-09 10:51:08 [INFO ] [GenericHelper] - [isDisplayed] element is displayed..[[ChromeDriver: chrome on XP (0058e62786bfd24f1921ba2ff5521936)] -> xpath: //*[@id='center_column']/p]
2018-05-09 10:51:08 [INFO ] [LoginToAutomationPractices] - [login_is_successful] login test is pass
2018-05-09 10:51:09 [INFO ] [TestBase] - [after] 
